-------------------------------------------------------------------------------
Test set: com.challenge.suite.ChallengeTest
-------------------------------------------------------------------------------
Tests run: 16, Failures: 0, Errors: 16, Skipped: 0, Time elapsed: 0.066 s <<< FAILURE! - in com.challenge.suite.ChallengeTest
hasOneToManyAcceleration(com.challenge.suite.ChallengeTest)  Time elapsed: 0.003 s  <<< ERROR!
java.lang.NullPointerException
	at com.challenge.suite.ChallengeTest.hasOneToManyAcceleration(ChallengeTest.java:34)

hasOneToManySubmission(com.challenge.suite.ChallengeTest)  Time elapsed: 0.003 s  <<< ERROR!
java.lang.NullPointerException
	at com.challenge.suite.ChallengeTest.hasOneToManySubmission(ChallengeTest.java:40)

hasColumnName(com.challenge.suite.ChallengeTest)  Time elapsed: 0.005 s  <<< ERROR!
java.lang.NullPointerException

hasColumnSlug(com.challenge.suite.ChallengeTest)  Time elapsed: 0.003 s  <<< ERROR!
java.lang.NullPointerException

hasColumnSlugSize(com.challenge.suite.ChallengeTest)  Time elapsed: 0.002 s  <<< ERROR!
java.lang.NullPointerException

hasColumnSlugNotNull(com.challenge.suite.ChallengeTest)  Time elapsed: 0.003 s  <<< ERROR!
java.lang.NullPointerException

hasColumnNameNotNull(com.challenge.suite.ChallengeTest)  Time elapsed: 0.003 s  <<< ERROR!
java.lang.NullPointerException

hasColumnNameSized(com.challenge.suite.ChallengeTest)  Time elapsed: 0.009 s  <<< ERROR!
java.lang.NullPointerException

verifyTableName(com.challenge.suite.ChallengeTest)  Time elapsed: 0.003 s  <<< ERROR!
java.lang.NullPointerException

checkOneToManyFieldsQuantity(com.challenge.suite.ChallengeTest)  Time elapsed: 0.003 s  <<< ERROR!
java.lang.NullPointerException

hasColumnCreatedAtWithAnnotationCreatedDate(com.challenge.suite.ChallengeTest)  Time elapsed: 0.003 s  <<< ERROR!
java.lang.NullPointerException

isEntity(com.challenge.suite.ChallengeTest)  Time elapsed: 0.003 s  <<< ERROR!
java.lang.NullPointerException

isEntityListener(com.challenge.suite.ChallengeTest)  Time elapsed: 0.003 s  <<< ERROR!
java.lang.NullPointerException

checkManyToOneFieldsQuantity(com.challenge.suite.ChallengeTest)  Time elapsed: 0.007 s  <<< ERROR!
java.lang.NullPointerException

hasColumnCreatedAt(com.challenge.suite.ChallengeTest)  Time elapsed: 0.01 s  <<< ERROR!
java.lang.NullPointerException

oneToManyFieldsFieldsAreCollection(com.challenge.suite.ChallengeTest)  Time elapsed: 0.003 s  <<< ERROR!
java.lang.NullPointerException

